<?xml version="1.0" encoding="UTF-8"?>
<testsuites name="Regresi Faktorial" time="45.062" tests="5" failures="0" errors="0">
   <testsuite name="Regresi Faktorial" tests="5" failures="0" errors="0" time="45.062" skipped="0" timestamp="2023-03-05 22:29:55" hostname="macbook - 192.168.1.25" id="Test Suites/Regresi Faktorial">
      <properties>
         <property name="deviceName" value=""/>
         <property name="devicePlatform" value=""/>
         <property name="logFolder" value="/Users/macbook/Katalon Studio/Sevima/Reports/20230305_222942/Regresi Faktorial/20230305_222942"/>
         <property name="logFiles" value="/Users/macbook/Katalon Studio/Sevima/Reports/20230305_222942/Regresi Faktorial/20230305_222942/execution0.log"/>
         <property name="attachments" value="/Users/macbook/Katalon Studio/Sevima/Reports/20230305_222942/Regresi Faktorial/20230305_222942/1678030231562.png, /Users/macbook/Katalon Studio/Sevima/Reports/20230305_222942/Regresi Faktorial/20230305_222942/1678030240756.png"/>
         <property name="hostName" value="macbook - 192.168.1.25"/>
         <property name="os" value="Mac OS X 64bit"/>
         <property name="katalonVersion" value="8.4.1.208"/>
         <property name="browser" value="Chrome 110.0.0.0"/>
         <property name="hostAddress" value="192.168.1.25"/>
         <property name="sessionId" value="197f6c6310c20469a72120f9fecf3f67"/>
         <property name="seleniumVersion" value="3.141.59"/>
         <property name="proxyInformation" value="ProxyInformation { proxyOption=NO_PROXY, proxyServerType=HTTP, username=, password=********, proxyServerAddress=, proxyServerPort=0, executionList=&quot;&quot;, isApplyToDesiredCapabilities=true }"/>
         <property name="platform" value="Mac OS X"/>
      </properties>
      <testcase name="Test Cases/Menghitung Faktorial Integer" time="10.545" classname="Test Cases/Menghitung Faktorial Integer" status="PASSED">
         <system-out><![CDATA[2023-03-05 22:29:56 - [TEST_CASE][PASSED] - Test Cases/Menghitung Faktorial Integer: Test Cases/Menghitung Faktorial Integer

2023-03-05 22:29:56 - [TEST_STEP][PASSED] - openBrowser(""): Browser is opened with url: ''

2023-03-05 22:29:57 - [MESSAGE][INFO] - Starting 'Chrome' driver

2023-03-05 22:29:57 - [MESSAGE][INFO] - Action delay is set to 0 milliseconds

2023-03-05 22:30:01 - [MESSAGE][PASSED] - Browser is opened with url: ''

2023-03-05 22:30:01 - [TEST_STEP][PASSED] - navigateToUrl("https://qa.putraprima.id/"): Navigate to 'https://qa.putraprima.id/' successfully

2023-03-05 22:30:04 - [MESSAGE][PASSED] - Navigate to 'https://qa.putraprima.id/' successfully

2023-03-05 22:30:04 - [TEST_STEP][PASSED] - setText(findTestObject("Object Repository/Page_Faktoriall/input_Kalkulator Faktorial_input"), "10"): Text '10' is set on object 'Object Repository/Page_Faktoriall/input_Kalkulator Faktorial_input'

2023-03-05 22:30:05 - [MESSAGE][PASSED] - Text '10' is set on object 'Object Repository/Page_Faktoriall/input_Kalkulator Faktorial_input'

2023-03-05 22:30:05 - [TEST_STEP][PASSED] - click(findTestObject("Object Repository/Page_Faktoriall/button_Hitung                              _be4487")): Object: 'Object Repository/Page_Faktoriall/button_Hitung                              _be4487' is clicked on

2023-03-05 22:30:06 - [MESSAGE][PASSED] - Object: 'Object Repository/Page_Faktoriall/button_Hitung                              _be4487' is clicked on

2023-03-05 22:30:06 - [TEST_STEP][PASSED] - verifyElementPresent(findTestObject("Page_Faktoriall/div_Faktorial dari 10 adalah 3628800"), 0): Object 'Object Repository/Page_Faktoriall/div_Faktorial dari 10 adalah 3628800' is present

2023-03-05 22:30:06 - [MESSAGE][WARNING] - Timeout '0' is invalid. Using default page load timeout: '30'

2023-03-05 22:30:06 - [MESSAGE][PASSED] - Object 'Object Repository/Page_Faktoriall/div_Faktorial dari 10 adalah 3628800' is present]]></system-out>
         <system-err><![CDATA[]]></system-err>
      </testcase>
      <testcase name="Test Cases/Menghitung Faktorial karakter selain integer" time="7.554" classname="Test Cases/Menghitung Faktorial karakter selain integer" status="PASSED">
         <system-out><![CDATA[2023-03-05 22:30:06 - [TEST_CASE][PASSED] - Test Cases/Menghitung Faktorial karakter selain integer: Test Cases/Menghitung Faktorial karakter selain integer

2023-03-05 22:30:07 - [TEST_STEP][PASSED] - openBrowser(""): Browser is opened with url: ''

2023-03-05 22:30:07 - [MESSAGE][WARNING] - A browser is already opened. Closing browser and opening a new one

2023-03-05 22:30:07 - [MESSAGE][INFO] - Starting 'Chrome' driver

2023-03-05 22:30:07 - [MESSAGE][INFO] - Action delay is set to 0 milliseconds

2023-03-05 22:30:09 - [MESSAGE][PASSED] - Browser is opened with url: ''

2023-03-05 22:30:09 - [TEST_STEP][PASSED] - navigateToUrl("https://qa.putraprima.id/"): Navigate to 'https://qa.putraprima.id/' successfully

2023-03-05 22:30:12 - [MESSAGE][PASSED] - Navigate to 'https://qa.putraprima.id/' successfully

2023-03-05 22:30:12 - [TEST_STEP][PASSED] - setText(findTestObject("Object Repository/Page_Faktoriall/input_Kalkulator Faktorial_input"), "abc"): Text 'abc' is set on object 'Object Repository/Page_Faktoriall/input_Kalkulator Faktorial_input'

2023-03-05 22:30:13 - [MESSAGE][PASSED] - Text 'abc' is set on object 'Object Repository/Page_Faktoriall/input_Kalkulator Faktorial_input'

2023-03-05 22:30:13 - [TEST_STEP][PASSED] - click(findTestObject("Object Repository/Page_Faktoriall/button_Hitung                              _be4487")): Object: 'Object Repository/Page_Faktoriall/button_Hitung                              _be4487' is clicked on

2023-03-05 22:30:13 - [MESSAGE][PASSED] - Object: 'Object Repository/Page_Faktoriall/button_Hitung                              _be4487' is clicked on

2023-03-05 22:30:13 - [TEST_STEP][PASSED] - verifyElementPresent(findTestObject("Page_Faktoriall/div_Please enter an integer"), 0): Object 'Object Repository/Page_Faktoriall/div_Please enter an integer' is present

2023-03-05 22:30:14 - [MESSAGE][WARNING] - Timeout '0' is invalid. Using default page load timeout: '30'

2023-03-05 22:30:14 - [MESSAGE][PASSED] - Object 'Object Repository/Page_Faktoriall/div_Please enter an integer' is present]]></system-out>
         <system-err><![CDATA[]]></system-err>
      </testcase>
      <testcase name="Test Cases/Menghitung Faktorial null Value" time="7.447" classname="Test Cases/Menghitung Faktorial null Value" status="PASSED">
         <system-out><![CDATA[2023-03-05 22:30:14 - [TEST_CASE][PASSED] - Test Cases/Menghitung Faktorial null Value: Test Cases/Menghitung Faktorial null Value

2023-03-05 22:30:14 - [TEST_STEP][PASSED] - openBrowser(""): Browser is opened with url: ''

2023-03-05 22:30:14 - [MESSAGE][WARNING] - A browser is already opened. Closing browser and opening a new one

2023-03-05 22:30:14 - [MESSAGE][INFO] - Starting 'Chrome' driver

2023-03-05 22:30:14 - [MESSAGE][INFO] - Action delay is set to 0 milliseconds

2023-03-05 22:30:17 - [MESSAGE][PASSED] - Browser is opened with url: ''

2023-03-05 22:30:17 - [TEST_STEP][PASSED] - navigateToUrl("https://qa.putraprima.id/"): Navigate to 'https://qa.putraprima.id/' successfully

2023-03-05 22:30:19 - [MESSAGE][PASSED] - Navigate to 'https://qa.putraprima.id/' successfully

2023-03-05 22:30:19 - [TEST_STEP][PASSED] - setText(findTestObject("Object Repository/Page_Faktoriall/input_Kalkulator Faktorial_input"), ""): Text '' is set on object 'Object Repository/Page_Faktoriall/input_Kalkulator Faktorial_input'

2023-03-05 22:30:20 - [MESSAGE][PASSED] - Text '' is set on object 'Object Repository/Page_Faktoriall/input_Kalkulator Faktorial_input'

2023-03-05 22:30:20 - [TEST_STEP][PASSED] - click(findTestObject("Object Repository/Page_Faktoriall/button_Hitung                              _be4487")): Object: 'Object Repository/Page_Faktoriall/button_Hitung                              _be4487' is clicked on

2023-03-05 22:30:21 - [MESSAGE][PASSED] - Object: 'Object Repository/Page_Faktoriall/button_Hitung                              _be4487' is clicked on

2023-03-05 22:30:21 - [TEST_STEP][PASSED] - verifyElementPresent(findTestObject("Page_Faktoriall/div_Please enter an integer"), 0): Object 'Object Repository/Page_Faktoriall/div_Please enter an integer' is present

2023-03-05 22:30:21 - [MESSAGE][WARNING] - Timeout '0' is invalid. Using default page load timeout: '30'

2023-03-05 22:30:21 - [MESSAGE][PASSED] - Object 'Object Repository/Page_Faktoriall/div_Please enter an integer' is present]]></system-out>
         <system-err><![CDATA[]]></system-err>
      </testcase>
      <testcase name="Test Cases/Click Hyperlink Privacy Policy" time="9.738" classname="Test Cases/Click Hyperlink Privacy Policy" status="PASSED">
         <system-out><![CDATA[2023-03-05 22:30:21 - [TEST_CASE][PASSED] - Test Cases/Click Hyperlink Privacy Policy: Test Cases/Click Hyperlink Privacy Policy

2023-03-05 22:30:22 - [TEST_STEP][PASSED] - openBrowser(""): Browser is opened with url: ''

2023-03-05 22:30:22 - [MESSAGE][WARNING] - A browser is already opened. Closing browser and opening a new one

2023-03-05 22:30:22 - [MESSAGE][INFO] - Starting 'Chrome' driver

2023-03-05 22:30:22 - [MESSAGE][INFO] - Action delay is set to 0 milliseconds

2023-03-05 22:30:24 - [MESSAGE][PASSED] - Browser is opened with url: ''

2023-03-05 22:30:24 - [TEST_STEP][PASSED] - navigateToUrl("https://qa.putraprima.id/"): Navigate to 'https://qa.putraprima.id/' successfully

2023-03-05 22:30:27 - [MESSAGE][PASSED] - Navigate to 'https://qa.putraprima.id/' successfully

2023-03-05 22:30:27 - [TEST_STEP][PASSED] - click(findTestObject("Page_Faktoriall/a_Privacy Policy")): Object: 'Object Repository/Page_Faktoriall/a_Privacy Policy' is clicked on

2023-03-05 22:30:28 - [MESSAGE][PASSED] - Object: 'Object Repository/Page_Faktoriall/a_Privacy Policy' is clicked on

2023-03-05 22:30:28 - [TEST_STEP][PASSED] - delay(3): Delayed 3 second(s)

2023-03-05 22:30:31 - [MESSAGE][PASSED] - Delayed 3 second(s)

2023-03-05 22:30:31 - [TEST_STEP][PASSED] - takeScreenshot(): Taking screenshot successfully

2023-03-05 22:30:31 - [MESSAGE][PASSED] - Taking screenshot successfully
[[ATTACHMENT|/Users/macbook/Katalon Studio/Sevima/Reports/20230305_222942/Regresi Faktorial/20230305_222942/1678030231562.png]]]]></system-out>
         <system-err><![CDATA[]]></system-err>
      </testcase>
      <testcase name="Test Cases/Click Hyperlink Terms of Service" time="9.202" classname="Test Cases/Click Hyperlink Terms of Service" status="PASSED">
         <system-out><![CDATA[2023-03-05 22:30:31 - [TEST_CASE][PASSED] - Test Cases/Click Hyperlink Terms of Service: Test Cases/Click Hyperlink Terms of Service

2023-03-05 22:30:31 - [TEST_STEP][PASSED] - openBrowser(""): Browser is opened with url: ''

2023-03-05 22:30:31 - [MESSAGE][WARNING] - A browser is already opened. Closing browser and opening a new one

2023-03-05 22:30:32 - [MESSAGE][INFO] - Starting 'Chrome' driver

2023-03-05 22:30:32 - [MESSAGE][INFO] - Action delay is set to 0 milliseconds

2023-03-05 22:30:34 - [MESSAGE][PASSED] - Browser is opened with url: ''

2023-03-05 22:30:34 - [TEST_STEP][PASSED] - navigateToUrl("https://qa.putraprima.id/"): Navigate to 'https://qa.putraprima.id/' successfully

2023-03-05 22:30:36 - [MESSAGE][PASSED] - Navigate to 'https://qa.putraprima.id/' successfully

2023-03-05 22:30:36 - [TEST_STEP][PASSED] - click(findTestObject("Page_Faktoriall/a_Terms Of Service")): Object: 'Object Repository/Page_Faktoriall/a_Terms Of Service' is clicked on

2023-03-05 22:30:37 - [MESSAGE][PASSED] - Object: 'Object Repository/Page_Faktoriall/a_Terms Of Service' is clicked on

2023-03-05 22:30:37 - [TEST_STEP][PASSED] - delay(3): Delayed 3 second(s)

2023-03-05 22:30:40 - [MESSAGE][PASSED] - Delayed 3 second(s)

2023-03-05 22:30:40 - [TEST_STEP][PASSED] - takeScreenshot(): Taking screenshot successfully

2023-03-05 22:30:40 - [MESSAGE][PASSED] - Taking screenshot successfully
[[ATTACHMENT|/Users/macbook/Katalon Studio/Sevima/Reports/20230305_222942/Regresi Faktorial/20230305_222942/1678030240756.png]]]]></system-out>
         <system-err><![CDATA[]]></system-err>
      </testcase>
      <system-out><![CDATA[2023-03-05 22:29:55 - [TEST_SUITE][PASSED] - Regresi Faktorial: Test Cases/Click Hyperlink Terms of Service]]></system-out>
      <system-err><![CDATA[]]></system-err>
   </testsuite>
</testsuites>
